2023-02-27 22:00:46 [main] INFO  c.coursenet.order.OrderApplication - Starting OrderApplication using Java 1.8.0_241 on DESKTOP-BU16JJP with PID 22284 (C:\Users\LENOVO\Documents\Ngajar Coursenet\Kelas JavaSpring Januari 2023\springbasic\order-service\target\classes started by LENOVO in C:\Users\LENOVO\Documents\Ngajar Coursenet\Kelas JavaSpring Januari 2023\springbasic\order-service)
2023-02-27 22:00:46 [main] INFO  c.coursenet.order.OrderApplication - The following 1 profile is active: "dev"
2023-02-27 22:00:51 [main] INFO  o.s.d.r.c.RepositoryConfigurationDelegate - Bootstrapping Spring Data JPA repositories in DEFAULT mode.
2023-02-27 22:00:52 [main] INFO  o.s.d.r.c.RepositoryConfigurationDelegate - Finished Spring Data repository scanning in 732 ms. Found 1 JPA repository interfaces.
2023-02-27 22:00:56 [main] INFO  o.s.b.w.e.tomcat.TomcatWebServer - Tomcat initialized with port(s): 9080 (http)
2023-02-27 22:00:56 [main] INFO  o.a.catalina.core.StandardService - Starting service [Tomcat]
2023-02-27 22:00:56 [main] INFO  o.a.catalina.core.StandardEngine - Starting Servlet engine: [Apache Tomcat/9.0.71]
2023-02-27 22:00:57 [main] INFO  o.a.c.c.C.[Tomcat].[localhost].[/] - Initializing Spring embedded WebApplicationContext
2023-02-27 22:00:57 [main] INFO  o.s.b.w.s.c.ServletWebServerApplicationContext - Root WebApplicationContext: initialization completed in 10841 ms
2023-02-27 22:00:57 [main] INFO  o.h.jpa.internal.util.LogHelper - HHH000204: Processing PersistenceUnitInfo [name: default]
2023-02-27 22:00:58 [main] INFO  org.hibernate.Version - HHH000412: Hibernate ORM core version 5.6.14.Final
2023-02-27 22:00:58 [main] INFO  o.h.annotations.common.Version - HCANN000001: Hibernate Commons Annotations {5.1.2.Final}
2023-02-27 22:00:58 [main] INFO  com.zaxxer.hikari.HikariDataSource - HikariPool-1 - Starting...
2023-02-27 22:00:59 [main] INFO  com.zaxxer.hikari.HikariDataSource - HikariPool-1 - Start completed.
2023-02-27 22:00:59 [main] INFO  org.hibernate.dialect.Dialect - HHH000400: Using dialect: org.hibernate.dialect.PostgreSQLDialect
2023-02-27 22:01:01 [main] INFO  o.h.e.t.j.p.i.JtaPlatformInitiator - HHH000490: Using JtaPlatform implementation: [org.hibernate.engine.transaction.jta.platform.internal.NoJtaPlatform]
2023-02-27 22:01:01 [main] INFO  o.s.o.j.LocalContainerEntityManagerFactoryBean - Initialized JPA EntityManagerFactory for persistence unit 'default'
2023-02-27 22:01:02 [main] WARN  o.s.b.a.o.j.JpaBaseConfiguration$JpaWebConfiguration - spring.jpa.open-in-view is enabled by default. Therefore, database queries may be performed during view rendering. Explicitly configure spring.jpa.open-in-view to disable this warning
2023-02-27 22:01:03 [main] WARN  o.s.b.a.s.s.UserDetailsServiceAutoConfiguration - 

Using generated security password: 49fe7704-cd18-4aef-8258-33a49ed54d37

This generated password is for development use only. Your security configuration must be updated before running your application in production.

2023-02-27 22:01:03 [main] INFO  o.s.s.w.DefaultSecurityFilterChain - Will secure any request with [org.springframework.security.web.session.DisableEncodeUrlFilter@721bf7ad, org.springframework.security.web.context.request.async.WebAsyncManagerIntegrationFilter@852ef8d, org.springframework.security.web.context.SecurityContextPersistenceFilter@43c39321, org.springframework.security.web.header.HeaderWriterFilter@5844a2d1, org.springframework.security.web.authentication.logout.LogoutFilter@2a136383, com.coursenet.order.security.JWTSecurityFilter@44dd0d38, org.springframework.security.web.authentication.www.BasicAuthenticationFilter@51424203, org.springframework.security.web.savedrequest.RequestCacheAwareFilter@3d0d120b, org.springframework.security.web.servletapi.SecurityContextHolderAwareRequestFilter@1192c925, org.springframework.security.web.authentication.AnonymousAuthenticationFilter@7e94e331, org.springframework.security.web.session.SessionManagementFilter@60b1ff3b, org.springframework.security.web.access.ExceptionTranslationFilter@b5d9f1e, org.springframework.security.web.access.intercept.FilterSecurityInterceptor@3ec9f8d]
2023-02-27 22:01:05 [main] INFO  o.s.b.w.e.tomcat.TomcatWebServer - Tomcat started on port(s): 9080 (http) with context path ''
2023-02-27 22:01:05 [main] INFO  c.coursenet.order.OrderApplication - Started OrderApplication in 21.193 seconds (JVM running for 24.593)
2023-02-27 22:01:59 [http-nio-9080-exec-2] INFO  o.a.c.c.C.[Tomcat].[localhost].[/] - Initializing Spring DispatcherServlet 'dispatcherServlet'
2023-02-27 22:01:59 [http-nio-9080-exec-2] INFO  o.s.web.servlet.DispatcherServlet - Initializing Servlet 'dispatcherServlet'
2023-02-27 22:01:59 [http-nio-9080-exec-2] INFO  o.s.web.servlet.DispatcherServlet - Completed initialization in 3 ms
2023-02-27 22:02:04 [http-nio-9080-exec-2] INFO  c.c.o.controller.OrderController - Create Order Started: OrderRequestDTO(goodsName=Asus Vivobook, receiverName=Audi, receiverAddress=BSD, shipperId=1)
2023-02-27 22:05:00 [main] INFO  c.coursenet.order.OrderApplication - Starting OrderApplication using Java 1.8.0_241 on DESKTOP-BU16JJP with PID 28560 (C:\Users\LENOVO\Documents\Ngajar Coursenet\Kelas JavaSpring Januari 2023\springbasic\order-service\target\classes started by LENOVO in C:\Users\LENOVO\Documents\Ngajar Coursenet\Kelas JavaSpring Januari 2023\springbasic\order-service)
2023-02-27 22:05:00 [main] INFO  c.coursenet.order.OrderApplication - The following 1 profile is active: "dev"
2023-02-27 22:05:03 [main] INFO  o.s.d.r.c.RepositoryConfigurationDelegate - Bootstrapping Spring Data JPA repositories in DEFAULT mode.
2023-02-27 22:05:03 [main] INFO  o.s.d.r.c.RepositoryConfigurationDelegate - Finished Spring Data repository scanning in 116 ms. Found 1 JPA repository interfaces.
2023-02-27 22:05:04 [main] INFO  o.s.b.w.e.tomcat.TomcatWebServer - Tomcat initialized with port(s): 9080 (http)
2023-02-27 22:05:05 [main] INFO  o.a.catalina.core.StandardService - Starting service [Tomcat]
2023-02-27 22:05:05 [main] INFO  o.a.catalina.core.StandardEngine - Starting Servlet engine: [Apache Tomcat/9.0.71]
2023-02-27 22:05:05 [main] INFO  o.a.c.c.C.[Tomcat].[localhost].[/] - Initializing Spring embedded WebApplicationContext
2023-02-27 22:05:05 [main] INFO  o.s.b.w.s.c.ServletWebServerApplicationContext - Root WebApplicationContext: initialization completed in 5311 ms
2023-02-27 22:05:05 [main] INFO  o.h.jpa.internal.util.LogHelper - HHH000204: Processing PersistenceUnitInfo [name: default]
2023-02-27 22:05:05 [main] INFO  org.hibernate.Version - HHH000412: Hibernate ORM core version 5.6.14.Final
2023-02-27 22:05:06 [main] INFO  o.h.annotations.common.Version - HCANN000001: Hibernate Commons Annotations {5.1.2.Final}
2023-02-27 22:05:06 [main] INFO  com.zaxxer.hikari.HikariDataSource - HikariPool-1 - Starting...
2023-02-27 22:05:07 [main] INFO  com.zaxxer.hikari.HikariDataSource - HikariPool-1 - Start completed.
2023-02-27 22:05:07 [main] INFO  org.hibernate.dialect.Dialect - HHH000400: Using dialect: org.hibernate.dialect.PostgreSQLDialect
2023-02-27 22:05:09 [main] INFO  o.h.e.t.j.p.i.JtaPlatformInitiator - HHH000490: Using JtaPlatform implementation: [org.hibernate.engine.transaction.jta.platform.internal.NoJtaPlatform]
2023-02-27 22:05:09 [main] INFO  o.s.o.j.LocalContainerEntityManagerFactoryBean - Initialized JPA EntityManagerFactory for persistence unit 'default'
2023-02-27 22:05:10 [main] WARN  o.s.b.a.o.j.JpaBaseConfiguration$JpaWebConfiguration - spring.jpa.open-in-view is enabled by default. Therefore, database queries may be performed during view rendering. Explicitly configure spring.jpa.open-in-view to disable this warning
2023-02-27 22:05:10 [main] WARN  o.s.b.a.s.s.UserDetailsServiceAutoConfiguration - 

Using generated security password: 6fefb1f1-58d4-4cdb-a6fc-7302472c9463

This generated password is for development use only. Your security configuration must be updated before running your application in production.

2023-02-27 22:05:11 [main] INFO  o.s.s.w.DefaultSecurityFilterChain - Will secure any request with [org.springframework.security.web.session.DisableEncodeUrlFilter@539fc5d1, org.springframework.security.web.context.request.async.WebAsyncManagerIntegrationFilter@4cae66a8, org.springframework.security.web.context.SecurityContextPersistenceFilter@35c8be21, org.springframework.security.web.header.HeaderWriterFilter@22048bd6, org.springframework.security.web.authentication.logout.LogoutFilter@4e67cfe1, com.coursenet.order.security.JWTSecurityFilter@60b616c8, org.springframework.security.web.authentication.www.BasicAuthenticationFilter@161d95c6, org.springframework.security.web.savedrequest.RequestCacheAwareFilter@6bcdd6e4, org.springframework.security.web.servletapi.SecurityContextHolderAwareRequestFilter@3b218c74, org.springframework.security.web.authentication.AnonymousAuthenticationFilter@3962ec84, org.springframework.security.web.session.SessionManagementFilter@6b5c134e, org.springframework.security.web.access.ExceptionTranslationFilter@1201769d, org.springframework.security.web.access.intercept.FilterSecurityInterceptor@448cdb47]
2023-02-27 22:05:12 [main] INFO  o.s.b.w.e.tomcat.TomcatWebServer - Tomcat started on port(s): 9080 (http) with context path ''
2023-02-27 22:05:12 [main] INFO  c.coursenet.order.OrderApplication - Started OrderApplication in 16.046 seconds (JVM running for 23.677)
2023-02-27 22:05:16 [http-nio-9080-exec-1] INFO  o.a.c.c.C.[Tomcat].[localhost].[/] - Initializing Spring DispatcherServlet 'dispatcherServlet'
2023-02-27 22:05:16 [http-nio-9080-exec-1] INFO  o.s.web.servlet.DispatcherServlet - Initializing Servlet 'dispatcherServlet'
2023-02-27 22:05:16 [http-nio-9080-exec-1] INFO  o.s.web.servlet.DispatcherServlet - Completed initialization in 2 ms
2023-02-27 22:05:19 [http-nio-9080-exec-1] INFO  c.c.o.controller.OrderController - Create Order Started: OrderRequestDTO(goodsName=Asus Vivobook, receiverName=Audi, receiverAddress=BSD, shipperId=1)
2023-02-27 22:06:24 [http-nio-9080-exec-2] INFO  c.c.o.controller.OrderController - Create Order Started: OrderRequestDTO(goodsName=Asus Vivobook, receiverName=Audi, receiverAddress=BSD, shipperId=1)
2023-02-27 22:07:08 [http-nio-9080-exec-7] INFO  c.c.o.controller.OrderController - Update Status Order Started: OrderStatusRequestDTO(id=5, status=IN_PROCESS)
2023-02-27 22:10:26 [main] INFO  c.coursenet.order.OrderApplication - Starting OrderApplication using Java 1.8.0_241 on DESKTOP-BU16JJP with PID 10928 (C:\Users\LENOVO\Documents\Ngajar Coursenet\Kelas JavaSpring Januari 2023\springbasic\order-service\target\classes started by LENOVO in C:\Users\LENOVO\Documents\Ngajar Coursenet\Kelas JavaSpring Januari 2023\springbasic\order-service)
2023-02-27 22:10:26 [main] INFO  c.coursenet.order.OrderApplication - The following 1 profile is active: "dev"
2023-02-27 22:10:28 [main] INFO  o.s.d.r.c.RepositoryConfigurationDelegate - Bootstrapping Spring Data JPA repositories in DEFAULT mode.
2023-02-27 22:10:28 [main] INFO  o.s.d.r.c.RepositoryConfigurationDelegate - Finished Spring Data repository scanning in 112 ms. Found 1 JPA repository interfaces.
2023-02-27 22:10:29 [main] INFO  o.s.b.w.e.tomcat.TomcatWebServer - Tomcat initialized with port(s): 9080 (http)
2023-02-27 22:10:29 [main] INFO  o.a.catalina.core.StandardService - Starting service [Tomcat]
2023-02-27 22:10:29 [main] INFO  o.a.catalina.core.StandardEngine - Starting Servlet engine: [Apache Tomcat/9.0.71]
2023-02-27 22:10:30 [main] INFO  o.a.c.c.C.[Tomcat].[localhost].[/] - Initializing Spring embedded WebApplicationContext
2023-02-27 22:10:30 [main] INFO  o.s.b.w.s.c.ServletWebServerApplicationContext - Root WebApplicationContext: initialization completed in 3479 ms
2023-02-27 22:10:30 [main] INFO  o.h.jpa.internal.util.LogHelper - HHH000204: Processing PersistenceUnitInfo [name: default]
2023-02-27 22:10:30 [main] INFO  org.hibernate.Version - HHH000412: Hibernate ORM core version 5.6.14.Final
2023-02-27 22:10:31 [main] INFO  o.h.annotations.common.Version - HCANN000001: Hibernate Commons Annotations {5.1.2.Final}
2023-02-27 22:10:31 [main] INFO  com.zaxxer.hikari.HikariDataSource - HikariPool-1 - Starting...
2023-02-27 22:10:31 [main] INFO  com.zaxxer.hikari.HikariDataSource - HikariPool-1 - Start completed.
2023-02-27 22:10:31 [main] INFO  org.hibernate.dialect.Dialect - HHH000400: Using dialect: org.hibernate.dialect.PostgreSQLDialect
2023-02-27 22:10:33 [main] INFO  o.h.e.t.j.p.i.JtaPlatformInitiator - HHH000490: Using JtaPlatform implementation: [org.hibernate.engine.transaction.jta.platform.internal.NoJtaPlatform]
2023-02-27 22:10:33 [main] INFO  o.s.o.j.LocalContainerEntityManagerFactoryBean - Initialized JPA EntityManagerFactory for persistence unit 'default'
2023-02-27 22:10:34 [main] WARN  o.s.b.a.o.j.JpaBaseConfiguration$JpaWebConfiguration - spring.jpa.open-in-view is enabled by default. Therefore, database queries may be performed during view rendering. Explicitly configure spring.jpa.open-in-view to disable this warning
2023-02-27 22:10:34 [main] WARN  o.s.b.a.s.s.UserDetailsServiceAutoConfiguration - 

Using generated security password: 209010ee-d4c2-4027-a72e-b29e137bfe03

This generated password is for development use only. Your security configuration must be updated before running your application in production.

2023-02-27 22:10:35 [main] INFO  o.s.s.w.DefaultSecurityFilterChain - Will secure any request with [org.springframework.security.web.session.DisableEncodeUrlFilter@2b01c689, org.springframework.security.web.context.request.async.WebAsyncManagerIntegrationFilter@51424203, org.springframework.security.web.context.SecurityContextPersistenceFilter@3b28b7b0, org.springframework.security.web.header.HeaderWriterFilter@1491cd6c, org.springframework.security.web.authentication.logout.LogoutFilter@5cc1bf20, com.coursenet.order.security.JWTSecurityFilter@7336fd8f, org.springframework.security.web.authentication.www.BasicAuthenticationFilter@401788d5, org.springframework.security.web.savedrequest.RequestCacheAwareFilter@566c1e71, org.springframework.security.web.servletapi.SecurityContextHolderAwareRequestFilter@43c39321, org.springframework.security.web.authentication.AnonymousAuthenticationFilter@701c223a, org.springframework.security.web.session.SessionManagementFilter@4af7dd6a, org.springframework.security.web.access.ExceptionTranslationFilter@68c34db2, org.springframework.security.web.access.intercept.FilterSecurityInterceptor@28b458e6]
2023-02-27 22:10:36 [main] INFO  o.s.b.w.e.tomcat.TomcatWebServer - Tomcat started on port(s): 9080 (http) with context path ''
2023-02-27 22:10:36 [main] INFO  c.coursenet.order.OrderApplication - Started OrderApplication in 10.983 seconds (JVM running for 14.884)
2023-02-27 22:10:41 [http-nio-9080-exec-1] INFO  o.a.c.c.C.[Tomcat].[localhost].[/] - Initializing Spring DispatcherServlet 'dispatcherServlet'
2023-02-27 22:10:41 [http-nio-9080-exec-1] INFO  o.s.web.servlet.DispatcherServlet - Initializing Servlet 'dispatcherServlet'
2023-02-27 22:10:41 [http-nio-9080-exec-1] INFO  o.s.web.servlet.DispatcherServlet - Completed initialization in 2 ms
2023-02-27 22:10:45 [http-nio-9080-exec-1] INFO  c.c.o.controller.OrderController - Create Order Started: OrderRequestDTO(goodsName=Asus Vivobook, receiverName=Audi, receiverAddress=BSD, shipperId=1)
2023-02-27 22:10:55 [http-nio-9080-exec-5] INFO  c.c.o.controller.OrderController - Update Status Order Started: OrderStatusRequestDTO(id=6, status=IN_PROCESS)
2023-02-27 22:10:55 [http-nio-9080-exec-5] INFO  c.c.o.client.DeliveryServiceClient - Create Delivery Client Started: DeliveryRequestDTO(orderId=6, receiverAddress=BSD, invoice=INVOICE/20230227101045, shipperId=1)
2023-02-27 22:10:56 [http-nio-9080-exec-5] INFO  c.c.o.client.DeliveryServiceClient - Create Delivery Client Finished: DeliveryResponseDTO(id=3, createdAt=2023-02-27T22:10:56.110, updatedAt=2023-02-27T22:10:56.110, orderId=6, invoice=INVOICE/20230227101045, shipperId=1, status=CREATED, receiverAddress=BSD)
