2023-02-22 20:15:24 [main] INFO  c.c.s.SpringbasicApplication - Starting SpringbasicApplication using Java 1.8.0_241 on DESKTOP-BU16JJP with PID 27392 (C:\Users\LENOVO\Documents\Ngajar Coursenet\Kelas JavaSpring Januari 2023\springbasic\springbasic\target\classes started by LENOVO in C:\Users\LENOVO\Documents\Ngajar Coursenet\Kelas JavaSpring Januari 2023\springbasic\springbasic)
2023-02-22 20:15:24 [main] INFO  c.c.s.SpringbasicApplication - No active profile set, falling back to 1 default profile: "default"
2023-02-22 20:15:27 [main] INFO  o.s.d.r.c.RepositoryConfigurationDelegate - Bootstrapping Spring Data JPA repositories in DEFAULT mode.
2023-02-22 20:15:28 [main] INFO  o.s.d.r.c.RepositoryConfigurationDelegate - Finished Spring Data repository scanning in 433 ms. Found 2 JPA repository interfaces.
2023-02-22 20:15:31 [main] INFO  o.s.b.w.e.tomcat.TomcatWebServer - Tomcat initialized with port(s): 8080 (http)
2023-02-22 20:15:31 [main] INFO  o.a.catalina.core.StandardService - Starting service [Tomcat]
2023-02-22 20:15:31 [main] INFO  o.a.catalina.core.StandardEngine - Starting Servlet engine: [Apache Tomcat/9.0.65]
2023-02-22 20:15:32 [main] INFO  o.a.c.c.C.[Tomcat].[localhost].[/] - Initializing Spring embedded WebApplicationContext
2023-02-22 20:15:32 [main] INFO  o.s.b.w.s.c.ServletWebServerApplicationContext - Root WebApplicationContext: initialization completed in 7872 ms
2023-02-22 20:15:33 [main] INFO  o.h.jpa.internal.util.LogHelper - HHH000204: Processing PersistenceUnitInfo [name: default]
2023-02-22 20:15:33 [main] INFO  org.hibernate.Version - HHH000412: Hibernate ORM core version 5.6.10.Final
2023-02-22 20:15:34 [main] INFO  o.h.annotations.common.Version - HCANN000001: Hibernate Commons Annotations {5.1.2.Final}
2023-02-22 20:15:35 [main] INFO  com.zaxxer.hikari.HikariDataSource - HikariPool-1 - Starting...
2023-02-22 20:15:35 [main] INFO  com.zaxxer.hikari.HikariDataSource - HikariPool-1 - Start completed.
2023-02-22 20:15:35 [main] INFO  org.hibernate.dialect.Dialect - HHH000400: Using dialect: org.hibernate.dialect.PostgreSQLDialect
2023-02-22 20:15:38 [main] INFO  o.h.e.t.j.p.i.JtaPlatformInitiator - HHH000490: Using JtaPlatform implementation: [org.hibernate.engine.transaction.jta.platform.internal.NoJtaPlatform]
2023-02-22 20:15:38 [main] INFO  o.s.o.j.LocalContainerEntityManagerFactoryBean - Initialized JPA EntityManagerFactory for persistence unit 'default'
2023-02-22 20:15:40 [main] WARN  o.s.b.a.o.j.JpaBaseConfiguration$JpaWebConfiguration - spring.jpa.open-in-view is enabled by default. Therefore, database queries may be performed during view rendering. Explicitly configure spring.jpa.open-in-view to disable this warning
2023-02-22 20:15:40 [main] WARN  o.s.b.a.s.s.UserDetailsServiceAutoConfiguration - 

Using generated security password: 2f228cb2-bfc1-4b07-a605-a5bed425be41

This generated password is for development use only. Your security configuration must be updated before running your application in production.

2023-02-22 20:15:41 [main] INFO  o.s.s.w.DefaultSecurityFilterChain - Will secure any request with [org.springframework.security.web.session.DisableEncodeUrlFilter@1ab53860, org.springframework.security.web.context.request.async.WebAsyncManagerIntegrationFilter@7b5ac347, org.springframework.security.web.context.SecurityContextPersistenceFilter@5ebbde60, org.springframework.security.web.header.HeaderWriterFilter@38087342, org.springframework.security.web.authentication.logout.LogoutFilter@307af381, com.coursenet.springbasic.security.JWTSecurityFilter@57b9389f, org.springframework.security.web.authentication.www.BasicAuthenticationFilter@6d6039df, org.springframework.security.web.savedrequest.RequestCacheAwareFilter@2a5abd3c, org.springframework.security.web.servletapi.SecurityContextHolderAwareRequestFilter@3f6c2763, org.springframework.security.web.authentication.AnonymousAuthenticationFilter@72b2c5ed, org.springframework.security.web.session.SessionManagementFilter@61b838f2, org.springframework.security.web.access.ExceptionTranslationFilter@29bd85db, org.springframework.security.web.access.intercept.FilterSecurityInterceptor@591f6f83]
2023-02-22 20:15:43 [main] INFO  o.s.b.w.e.tomcat.TomcatWebServer - Tomcat started on port(s): 8080 (http) with context path ''
2023-02-22 20:15:43 [main] INFO  c.c.s.SpringbasicApplication - Started SpringbasicApplication in 23.028 seconds (JVM running for 29.442)
2023-02-22 20:34:18 [main] INFO  c.c.s.SpringbasicApplication - Starting SpringbasicApplication using Java 1.8.0_241 on DESKTOP-BU16JJP with PID 20412 (C:\Users\LENOVO\Documents\Ngajar Coursenet\Kelas JavaSpring Januari 2023\springbasic\springbasic\target\classes started by LENOVO in C:\Users\LENOVO\Documents\Ngajar Coursenet\Kelas JavaSpring Januari 2023\springbasic\springbasic)
2023-02-22 20:34:18 [main] INFO  c.c.s.SpringbasicApplication - No active profile set, falling back to 1 default profile: "default"
2023-02-22 20:34:20 [main] INFO  o.s.d.r.c.RepositoryConfigurationDelegate - Bootstrapping Spring Data JPA repositories in DEFAULT mode.
2023-02-22 20:34:21 [main] INFO  o.s.d.r.c.RepositoryConfigurationDelegate - Finished Spring Data repository scanning in 199 ms. Found 2 JPA repository interfaces.
2023-02-22 20:34:23 [main] INFO  o.s.b.w.e.tomcat.TomcatWebServer - Tomcat initialized with port(s): 8080 (http)
2023-02-22 20:34:23 [main] INFO  o.a.catalina.core.StandardService - Starting service [Tomcat]
2023-02-22 20:34:23 [main] INFO  o.a.catalina.core.StandardEngine - Starting Servlet engine: [Apache Tomcat/9.0.65]
2023-02-22 20:34:24 [main] INFO  o.a.c.c.C.[Tomcat].[localhost].[/] - Initializing Spring embedded WebApplicationContext
2023-02-22 20:34:24 [main] INFO  o.s.b.w.s.c.ServletWebServerApplicationContext - Root WebApplicationContext: initialization completed in 5722 ms
2023-02-22 20:34:24 [main] INFO  o.h.jpa.internal.util.LogHelper - HHH000204: Processing PersistenceUnitInfo [name: default]
2023-02-22 20:34:25 [main] INFO  org.hibernate.Version - HHH000412: Hibernate ORM core version 5.6.10.Final
2023-02-22 20:34:25 [main] INFO  o.h.annotations.common.Version - HCANN000001: Hibernate Commons Annotations {5.1.2.Final}
2023-02-22 20:34:26 [main] INFO  com.zaxxer.hikari.HikariDataSource - HikariPool-1 - Starting...
2023-02-22 20:34:26 [main] INFO  com.zaxxer.hikari.HikariDataSource - HikariPool-1 - Start completed.
2023-02-22 20:34:26 [main] INFO  org.hibernate.dialect.Dialect - HHH000400: Using dialect: org.hibernate.dialect.PostgreSQLDialect
2023-02-22 20:34:29 [main] INFO  o.h.e.t.j.p.i.JtaPlatformInitiator - HHH000490: Using JtaPlatform implementation: [org.hibernate.engine.transaction.jta.platform.internal.NoJtaPlatform]
2023-02-22 20:34:29 [main] INFO  o.s.o.j.LocalContainerEntityManagerFactoryBean - Initialized JPA EntityManagerFactory for persistence unit 'default'
2023-02-22 20:34:32 [main] WARN  o.s.b.a.o.j.JpaBaseConfiguration$JpaWebConfiguration - spring.jpa.open-in-view is enabled by default. Therefore, database queries may be performed during view rendering. Explicitly configure spring.jpa.open-in-view to disable this warning
2023-02-22 20:34:32 [main] WARN  o.s.b.a.s.s.UserDetailsServiceAutoConfiguration - 

Using generated security password: b1d1bf12-f66b-4846-836c-45026f2ee937

This generated password is for development use only. Your security configuration must be updated before running your application in production.

2023-02-22 20:34:32 [main] INFO  o.s.s.w.DefaultSecurityFilterChain - Will secure any request with [org.springframework.security.web.session.DisableEncodeUrlFilter@1ab53860, org.springframework.security.web.context.request.async.WebAsyncManagerIntegrationFilter@7b5ac347, org.springframework.security.web.context.SecurityContextPersistenceFilter@5ebbde60, org.springframework.security.web.header.HeaderWriterFilter@38087342, org.springframework.security.web.authentication.logout.LogoutFilter@307af381, com.coursenet.springbasic.security.JWTSecurityFilter@57b9389f, org.springframework.security.web.authentication.www.BasicAuthenticationFilter@6d6039df, org.springframework.security.web.savedrequest.RequestCacheAwareFilter@2a5abd3c, org.springframework.security.web.servletapi.SecurityContextHolderAwareRequestFilter@3f6c2763, org.springframework.security.web.authentication.AnonymousAuthenticationFilter@72b2c5ed, org.springframework.security.web.session.SessionManagementFilter@61b838f2, org.springframework.security.web.access.ExceptionTranslationFilter@29bd85db, org.springframework.security.web.access.intercept.FilterSecurityInterceptor@591f6f83]
2023-02-22 20:34:33 [main] INFO  o.s.b.w.e.tomcat.TomcatWebServer - Tomcat started on port(s): 8080 (http) with context path ''
2023-02-22 20:34:33 [main] INFO  c.c.s.SpringbasicApplication - Started SpringbasicApplication in 18.056 seconds (JVM running for 23.675)
2023-02-22 20:36:45 [http-nio-8080-exec-9] INFO  o.a.c.c.C.[Tomcat].[localhost].[/] - Initializing Spring DispatcherServlet 'dispatcherServlet'
2023-02-22 20:36:45 [http-nio-8080-exec-9] INFO  o.s.web.servlet.DispatcherServlet - Initializing Servlet 'dispatcherServlet'
2023-02-22 20:36:45 [http-nio-8080-exec-9] INFO  o.s.web.servlet.DispatcherServlet - Completed initialization in 3 ms
2023-02-22 20:36:46 [http-nio-8080-exec-9] ERROR c.c.s.security.JWTSecurityFilter - Token is not Access Token
2023-02-22 20:36:46 [http-nio-8080-exec-9] INFO  c.c.s.controller.UserController - Refresh Token Started: Bearer eyJ0eXAiOiJKV1QiLCJhbGciOiJIUzI1NiJ9.eyJzdWIiOiJBdWRpUHJhdGFtYSIsImlzcyI6ImNvdXJzZS1uZXQtc3RhZ2luZyIsImV4cCI6MTY3OTE1MTU4NywidHlwZSI6IlJFRlJFU0giLCJpYXQiOjE2NzY1NTk1ODd9.zPgK5_ueDfxobQKjqH758ZdN7GmODKkaToHhazCzppU
2023-02-22 20:37:43 [http-nio-8080-exec-7] ERROR c.c.s.security.JWTSecurityFilter - Token is not Access Token
2023-02-22 20:37:43 [http-nio-8080-exec-7] INFO  c.c.s.controller.UserController - Refresh Token Started: Bearer eyJ0eXAiOiJKV1QiLCJhbGciOiJIUzI1NiJ9.eyJzdWIiOiJBdWRpUHJhdGFtYSIsImlzcyI6ImNvdXJzZS1uZXQtc3RhZ2luZyIsImV4cCI6MTY3OTE1MTU4NywidHlwZSI6IlJFRlJFU0giLCJpYXQiOjE2NzY1NTk1ODd9.zPgK5_ueDfxobQKjqH758ZdN7GmODKkaToHhazCzppU
